# JRE version: OpenJDK Runtime Environment (8.0) (build 1.8.0-25-microsoft-b00)
# Java VM: OpenJDK 64-Bit Server VM (25.71-b00 mixed mode windows-amd64 compressed oops)
Heap:
 PSYoungGen      total 80384K, used 37199K [0x00000000eab00000, 0x00000000f0a00000, 0x0000000100000000)
  eden space 65024K, 49% used [0x00000000eab00000,0x00000000eca2fa00,0x00000000eea80000)
  from space 15360K, 34% used [0x00000000efa00000,0x00000000eff242f8,0x00000000f0900000)
  to   space 15872K, 0% used [0x00000000eea80000,0x00000000eea80000,0x00000000efa00000)
 ParOldGen       total 69632K, used 30561K [0x00000000c0000000, 0x00000000c4400000, 0x00000000eab00000)
  object space 69632K, 43% used [0x00000000c0000000,0x00000000c1dd87a8,0x00000000c4400000)
 Metaspace       used 14416K, capacity 15026K, committed 15232K, reserved 1062912K
  class space    used 1726K, capacity 1893K, committed 1920K, reserved 1048576K
GC Heap History (10 events):
Event: 1.311 GC heap before
{Heap before GC invocations=5 (full 0):
 PSYoungGen      total 35328K, used 35304K [0x00000000eab00000, 0x00000000ed000000, 0x0000000100000000)
  eden space 32768K, 100% used [0x00000000eab00000,0x00000000ecb00000,0x00000000ecb00000)
  from space 2560K, 99% used [0x00000000ecd80000,0x00000000ecffa030,0x00000000ed000000)
  to   space 2560K, 0% used [0x00000000ecb00000,0x00000000ecb00000,0x00000000ecd80000)
 ParOldGen       total 44032K, used 15462K [0x00000000c0000000, 0x00000000c2b00000, 0x00000000eab00000)
  object space 44032K, 35% used [0x00000000c0000000,0x00000000c0f19818,0x00000000c2b00000)
 Metaspace       used 8541K, capacity 8868K, committed 9088K, reserved 1056768K
  class space    used 949K, capacity 1068K, committed 1152K, reserved 1048576K
Event: 1.327 GC heap after
Heap after GC invocations=5 (full 0):
 PSYoungGen      total 35328K, used 2549K [0x00000000eab00000, 0x00000000f0900000, 0x0000000100000000)
  eden space 32768K, 0% used [0x00000000eab00000,0x00000000eab00000,0x00000000ecb00000)
  from space 2560K, 99% used [0x00000000ecb00000,0x00000000ecd7d588,0x00000000ecd80000)
  to   space 15360K, 0% used [0x00000000efa00000,0x00000000efa00000,0x00000000f0900000)
 ParOldGen       total 44032K, used 26800K [0x00000000c0000000, 0x00000000c2b00000, 0x00000000eab00000)
  object space 44032K, 60% used [0x00000000c0000000,0x00000000c1a2c020,0x00000000c2b00000)
 Metaspace       used 8541K, capacity 8868K, committed 9088K, reserved 1056768K
  class space    used 949K, capacity 1068K, committed 1152K, reserved 1048576K
}
Event: 1.498 GC heap before
{Heap before GC invocations=6 (full 0):
 PSYoungGen      total 35328K, used 35317K [0x00000000eab00000, 0x00000000f0900000, 0x0000000100000000)
  eden space 32768K, 100% used [0x00000000eab00000,0x00000000ecb00000,0x00000000ecb00000)
  from space 2560K, 99% used [0x00000000ecb00000,0x00000000ecd7d588,0x00000000ecd80000)
  to   space 15360K, 0% used [0x00000000efa00000,0x00000000efa00000,0x00000000f0900000)
 ParOldGen       total 44032K, used 26800K [0x00000000c0000000, 0x00000000c2b00000, 0x00000000eab00000)
  object space 44032K, 60% used [0x00000000c0000000,0x00000000c1a2c020,0x00000000c2b00000)
 Metaspace       used 8646K, capacity 8972K, committed 9088K, reserved 1056768K
  class space    used 955K, capacity 1074K, committed 1152K, reserved 1048576K
Event: 1.514 GC heap after
Heap after GC invocations=6 (full 0):
 PSYoungGen      total 80384K, used 10989K [0x00000000eab00000, 0x00000000f0a00000, 0x0000000100000000)
  eden space 65024K, 0% used [0x00000000eab00000,0x00000000eab00000,0x00000000eea80000)
  from space 15360K, 71% used [0x00000000efa00000,0x00000000f04bb748,0x00000000f0900000)
  to   space 15872K, 0% used [0x00000000eea80000,0x00000000eea80000,0x00000000efa00000)
 ParOldGen       total 44032K, used 26800K [0x00000000c0000000, 0x00000000c2b00000, 0x00000000eab00000)
  object space 44032K, 60% used [0x00000000c0000000,0x00000000c1a2c020,0x00000000c2b00000)
 Metaspace       used 8646K, capacity 8972K, committed 9088K, reserved 1056768K
  class space    used 955K, capacity 1074K, committed 1152K, reserved 1048576K
}
Event: 1.816 GC heap before
{Heap before GC invocations=7 (full 0):
 PSYoungGen      total 80384K, used 76013K [0x00000000eab00000, 0x00000000f0a00000, 0x0000000100000000)
  eden space 65024K, 100% used [0x00000000eab00000,0x00000000eea80000,0x00000000eea80000)
  from space 15360K, 71% used [0x00000000efa00000,0x00000000f04bb748,0x00000000f0900000)
  to   space 15872K, 0% used [0x00000000eea80000,0x00000000eea80000,0x00000000efa00000)
 ParOldGen       total 44032K, used 26800K [0x00000000c0000000, 0x00000000c2b00000, 0x00000000eab00000)
  object space 44032K, 60% used [0x00000000c0000000,0x00000000c1a2c020,0x00000000c2b00000)
 Metaspace       used 9677K, capacity 9972K, committed 10240K, reserved 1058816K
  class space    used 1120K, capacity 1244K, committed 1280K, reserved 1048576K
Event: 1.861 GC heap after
Heap after GC invocations=7 (full 0):
 PSYoungGen      total 80896K, used 15848K [0x00000000eab00000, 0x00000000f0a00000, 0x0000000100000000)
  eden space 65024K, 0% used [0x00000000eab00000,0x00000000eab00000,0x00000000eea80000)
  from space 15872K, 99% used [0x00000000eea80000,0x00000000ef9fa148,0x00000000efa00000)
  to   space 15360K, 0% used [0x00000000efa00000,0x00000000efa00000,0x00000000f0900000)
 ParOldGen       total 44032K, used 36910K [0x00000000c0000000, 0x00000000c2b00000, 0x00000000eab00000)
  object space 44032K, 83% used [0x00000000c0000000,0x00000000c240bb20,0x00000000c2b00000)
 Metaspace       used 9677K, capacity 9972K, committed 10240K, reserved 1058816K
  class space    used 1120K, capacity 1244K, committed 1280K, reserved 1048576K
}
Event: 1.861 GC heap before
{Heap before GC invocations=8 (full 1):
 PSYoungGen      total 80896K, used 15848K [0x00000000eab00000, 0x00000000f0a00000, 0x0000000100000000)
  eden space 65024K, 0% used [0x00000000eab00000,0x00000000eab00000,0x00000000eea80000)
  from space 15872K, 99% used [0x00000000eea80000,0x00000000ef9fa148,0x00000000efa00000)
  to   space 15360K, 0% used [0x00000000efa00000,0x00000000efa00000,0x00000000f0900000)
 ParOldGen       total 44032K, used 36910K [0x00000000c0000000, 0x00000000c2b00000, 0x00000000eab00000)
  object space 44032K, 83% used [0x00000000c0000000,0x00000000c240bb20,0x00000000c2b00000)
 Metaspace       used 9677K, capacity 9972K, committed 10240K, reserved 1058816K
  class space    used 1120K, capacity 1244K, committed 1280K, reserved 1048576K
Event: 2.031 GC heap after
Heap after GC invocations=8 (full 1):
 PSYoungGen      total 80896K, used 0K [0x00000000eab00000, 0x00000000f0a00000, 0x0000000100000000)
  eden space 65024K, 0% used [0x00000000eab00000,0x00000000eab00000,0x00000000eea80000)
  from space 15872K, 0% used [0x00000000eea80000,0x00000000eea80000,0x00000000efa00000)
  to   space 15360K, 0% used [0x00000000efa00000,0x00000000efa00000,0x00000000f0900000)
 ParOldGen       total 69632K, used 30553K [0x00000000c0000000, 0x00000000c4400000, 0x00000000eab00000)
  object space 69632K, 43% used [0x00000000c0000000,0x00000000c1dd67a8,0x00000000c4400000)
 Metaspace       used 9669K, capacity 9950K, committed 10240K, reserved 1058816K
  class space    used 1117K, capacity 1239K, committed 1280K, reserved 1048576K
}
Event: 3.565 GC heap before
{Heap before GC invocations=9 (full 1):
 PSYoungGen      total 80896K, used 65024K [0x00000000eab00000, 0x00000000f0a00000, 0x0000000100000000)
  eden space 65024K, 100% used [0x00000000eab00000,0x00000000eea80000,0x00000000eea80000)
  from space 15872K, 0% used [0x00000000eea80000,0x00000000eea80000,0x00000000efa00000)
  to   space 15360K, 0% used [0x00000000efa00000,0x00000000efa00000,0x00000000f0900000)
 ParOldGen       total 69632K, used 30553K [0x00000000c0000000, 0x00000000c4400000, 0x00000000eab00000)
  object space 69632K, 43% used [0x00000000c0000000,0x00000000c1dd67a8,0x00000000c4400000)
 Metaspace       used 14116K, capacity 14730K, committed 14976K, reserved 1062912K
  class space    used 1714K, capacity 1887K, committed 1920K, reserved 1048576K
Event: 3.582 GC heap after
Heap after GC invocations=9 (full 1):
 PSYoungGen      total 80384K, used 5264K [0x00000000eab00000, 0x00000000f0a00000, 0x0000000100000000)
  eden space 65024K, 0% used [0x00000000eab00000,0x00000000eab00000,0x00000000eea80000)
  from space 15360K, 34% used [0x00000000efa00000,0x00000000eff242f8,0x00000000f0900000)
  to   space 15872K, 0% used [0x00000000eea80000,0x00000000eea80000,0x00000000efa00000)
 ParOldGen       total 69632K, used 30561K [0x00000000c0000000, 0x00000000c4400000, 0x00000000eab00000)
  object space 69632K, 43% used [0x00000000c0000000,0x00000000c1dd87a8,0x00000000c4400000)
 Metaspace       used 14116K, capacity 14730K, committed 14976K, reserved 1062912K
  class space    used 1714K, capacity 1887K, committed 1920K, reserved 1048576K
}

