# JRE version: OpenJDK Runtime Environment (8.0) (build 1.8.0-25-microsoft-b00)
# Java VM: OpenJDK 64-Bit Server VM (25.71-b00 mixed mode windows-amd64 compressed oops)
Heap:
 PSYoungGen      total 31232K, used 12298K [0x00000000eb300000, 0x00000000ee280000, 0x0000000100000000)
  eden space 22016K, 14% used [0x00000000eb300000,0x00000000eb6069f0,0x00000000ec880000)
  from space 9216K, 99% used [0x00000000ed600000,0x00000000edefbf60,0x00000000edf00000)
  to   space 13312K, 0% used [0x00000000ec880000,0x00000000ec880000,0x00000000ed580000)
 ParOldGen       total 27136K, used 20498K [0x00000000c1800000, 0x00000000c3280000, 0x00000000eb300000)
  object space 27136K, 75% used [0x00000000c1800000,0x00000000c2c04868,0x00000000c3280000)
 Metaspace       used 8136K, capacity 8916K, committed 9216K, reserved 1056768K
  class space    used 884K, capacity 912K, committed 1024K, reserved 1048576K
GC Heap History (10 events):
Event: 7.055 GC heap before
{Heap before GC invocations=10 (full 1):
 PSYoungGen      total 24064K, used 24055K [0x00000000eb300000, 0x00000000ed300000, 0x0000000100000000)
  eden space 19456K, 100% used [0x00000000eb300000,0x00000000ec600000,0x00000000ec600000)
  from space 4608K, 99% used [0x00000000ece80000,0x00000000ed2fdf60,0x00000000ed300000)
  to   space 6144K, 0% used [0x00000000ec700000,0x00000000ec700000,0x00000000ecd00000)
 ParOldGen       total 11776K, used 8229K [0x00000000c1800000, 0x00000000c2380000, 0x00000000eb300000)
  object space 11776K, 69% used [0x00000000c1800000,0x00000000c20095e0,0x00000000c2380000)
 Metaspace       used 7623K, capacity 8468K, committed 8704K, reserved 1056768K
  class space    used 871K, capacity 912K, committed 1024K, reserved 1048576K
Event: 7.070 GC heap after
Heap after GC invocations=10 (full 1):
 PSYoungGen      total 26624K, used 6135K [0x00000000eb300000, 0x00000000edf00000, 0x0000000100000000)
  eden space 20480K, 0% used [0x00000000eb300000,0x00000000eb300000,0x00000000ec700000)
  from space 6144K, 99% used [0x00000000ec700000,0x00000000eccfdf60,0x00000000ecd00000)
  to   space 9216K, 0% used [0x00000000ed600000,0x00000000ed600000,0x00000000edf00000)
 ParOldGen       total 14336K, used 13631K [0x00000000c1800000, 0x00000000c2600000, 0x00000000eb300000)
  object space 14336K, 95% used [0x00000000c1800000,0x00000000c254fc08,0x00000000c2600000)
 Metaspace       used 7623K, capacity 8468K, committed 8704K, reserved 1056768K
  class space    used 871K, capacity 912K, committed 1024K, reserved 1048576K
}
Event: 7.070 GC heap before
{Heap before GC invocations=11 (full 2):
 PSYoungGen      total 26624K, used 6135K [0x00000000eb300000, 0x00000000edf00000, 0x0000000100000000)
  eden space 20480K, 0% used [0x00000000eb300000,0x00000000eb300000,0x00000000ec700000)
  from space 6144K, 99% used [0x00000000ec700000,0x00000000eccfdf60,0x00000000ecd00000)
  to   space 9216K, 0% used [0x00000000ed600000,0x00000000ed600000,0x00000000edf00000)
 ParOldGen       total 14336K, used 13631K [0x00000000c1800000, 0x00000000c2600000, 0x00000000eb300000)
  object space 14336K, 95% used [0x00000000c1800000,0x00000000c254fc08,0x00000000c2600000)
 Metaspace       used 7623K, capacity 8468K, committed 8704K, reserved 1056768K
  class space    used 871K, capacity 912K, committed 1024K, reserved 1048576K
Event: 7.151 GC heap after
Heap after GC invocations=11 (full 2):
 PSYoungGen      total 26624K, used 1946K [0x00000000eb300000, 0x00000000edf00000, 0x0000000100000000)
  eden space 20480K, 0% used [0x00000000eb300000,0x00000000eb300000,0x00000000ec700000)
  from space 6144K, 31% used [0x00000000ec700000,0x00000000ec8e69b0,0x00000000ecd00000)
  to   space 9216K, 0% used [0x00000000ed600000,0x00000000ed600000,0x00000000edf00000)
 ParOldGen       total 14336K, used 13856K [0x00000000c1800000, 0x00000000c2600000, 0x00000000eb300000)
  object space 14336K, 96% used [0x00000000c1800000,0x00000000c25881c8,0x00000000c2600000)
 Metaspace       used 7623K, capacity 8468K, committed 8704K, reserved 1056768K
  class space    used 871K, capacity 912K, committed 1024K, reserved 1048576K
}
Event: 7.366 GC heap before
{Heap before GC invocations=12 (full 3):
 PSYoungGen      total 26624K, used 22426K [0x00000000eb300000, 0x00000000edf00000, 0x0000000100000000)
  eden space 20480K, 100% used [0x00000000eb300000,0x00000000ec700000,0x00000000ec700000)
  from space 6144K, 31% used [0x00000000ec700000,0x00000000ec8e69b0,0x00000000ecd00000)
  to   space 9216K, 0% used [0x00000000ed600000,0x00000000ed600000,0x00000000edf00000)
 ParOldGen       total 14336K, used 13856K [0x00000000c1800000, 0x00000000c2600000, 0x00000000eb300000)
  object space 14336K, 96% used [0x00000000c1800000,0x00000000c25881c8,0x00000000c2600000)
 Metaspace       used 7986K, capacity 8788K, committed 8960K, reserved 1056768K
  class space    used 884K, capacity 912K, committed 1024K, reserved 1048576K
Event: 7.500 GC heap after
Heap after GC invocations=12 (full 3):
 PSYoungGen      total 26624K, used 8842K [0x00000000eb300000, 0x00000000edf00000, 0x0000000100000000)
  eden space 20480K, 43% used [0x00000000eb300000,0x00000000ebba2a68,0x00000000ec700000)
  from space 6144K, 0% used [0x00000000ec700000,0x00000000ec700000,0x00000000ecd00000)
  to   space 9216K, 0% used [0x00000000ed600000,0x00000000ed600000,0x00000000edf00000)
 ParOldGen       total 14336K, used 14240K [0x00000000c1800000, 0x00000000c2600000, 0x00000000eb300000)
  object space 14336K, 99% used [0x00000000c1800000,0x00000000c25e8120,0x00000000c2600000)
 Metaspace       used 7986K, capacity 8788K, committed 8960K, reserved 1056768K
  class space    used 884K, capacity 912K, committed 1024K, reserved 1048576K
}
Event: 7.752 GC heap before
{Heap before GC invocations=13 (full 4):
 PSYoungGen      total 26624K, used 20480K [0x00000000eb300000, 0x00000000edf00000, 0x0000000100000000)
  eden space 20480K, 100% used [0x00000000eb300000,0x00000000ec700000,0x00000000ec700000)
  from space 6144K, 0% used [0x00000000ec700000,0x00000000ec700000,0x00000000ecd00000)
  to   space 9216K, 0% used [0x00000000ed600000,0x00000000ed600000,0x00000000edf00000)
 ParOldGen       total 14336K, used 14240K [0x00000000c1800000, 0x00000000c2600000, 0x00000000eb300000)
  object space 14336K, 99% used [0x00000000c1800000,0x00000000c25e8120,0x00000000c2600000)
 Metaspace       used 8105K, capacity 8852K, committed 9216K, reserved 1056768K
  class space    used 884K, capacity 912K, committed 1024K, reserved 1048576K
Event: 7.907 GC heap after
Heap after GC invocations=13 (full 4):
 PSYoungGen      total 26624K, used 13201K [0x00000000eb300000, 0x00000000edf00000, 0x0000000100000000)
  eden space 20480K, 64% used [0x00000000eb300000,0x00000000ebfe47a0,0x00000000ec700000)
  from space 6144K, 0% used [0x00000000ec700000,0x00000000ec700000,0x00000000ecd00000)
  to   space 9216K, 0% used [0x00000000ed600000,0x00000000ed600000,0x00000000edf00000)
 ParOldGen       total 27136K, used 14215K [0x00000000c1800000, 0x00000000c3280000, 0x00000000eb300000)
  object space 27136K, 52% used [0x00000000c1800000,0x00000000c25e1cd0,0x00000000c3280000)
 Metaspace       used 8105K, capacity 8852K, committed 9216K, reserved 1056768K
  class space    used 884K, capacity 912K, committed 1024K, reserved 1048576K
}
Event: 8.007 GC heap before
{Heap before GC invocations=14 (full 4):
 PSYoungGen      total 26624K, used 20480K [0x00000000eb300000, 0x00000000edf00000, 0x0000000100000000)
  eden space 20480K, 100% used [0x00000000eb300000,0x00000000ec700000,0x00000000ec700000)
  from space 6144K, 0% used [0x00000000ec700000,0x00000000ec700000,0x00000000ecd00000)
  to   space 9216K, 0% used [0x00000000ed600000,0x00000000ed600000,0x00000000edf00000)
 ParOldGen       total 27136K, used 14215K [0x00000000c1800000, 0x00000000c3280000, 0x00000000eb300000)
  object space 27136K, 52% used [0x00000000c1800000,0x00000000c25e1cd0,0x00000000c3280000)
 Metaspace       used 8130K, capacity 8916K, committed 9216K, reserved 1056768K
  class space    used 884K, capacity 912K, committed 1024K, reserved 1048576K
Event: 8.030 GC heap after
Heap after GC invocations=14 (full 4):
 PSYoungGen      total 31232K, used 9199K [0x00000000eb300000, 0x00000000ee280000, 0x0000000100000000)
  eden space 22016K, 0% used [0x00000000eb300000,0x00000000eb300000,0x00000000ec880000)
  from space 9216K, 99% used [0x00000000ed600000,0x00000000edefbf60,0x00000000edf00000)
  to   space 13312K, 0% used [0x00000000ec880000,0x00000000ec880000,0x00000000ed580000)
 ParOldGen       total 27136K, used 20498K [0x00000000c1800000, 0x00000000c3280000, 0x00000000eb300000)
  object space 27136K, 75% used [0x00000000c1800000,0x00000000c2c04868,0x00000000c3280000)
 Metaspace       used 8130K, capacity 8916K, committed 9216K, reserved 1056768K
  class space    used 884K, capacity 912K, committed 1024K, reserved 1048576K
}

