# JRE version: OpenJDK Runtime Environment (8.0) (build 1.8.0-25-microsoft-b00)
# Java VM: OpenJDK 64-Bit Server VM (25.71-b00 mixed mode windows-amd64 compressed oops)
Heap:
 PSYoungGen      total 14336K, used 4731K [0x00000000eb300000, 0x00000000ed300000, 0x0000000100000000)
  eden space 11776K, 40% used [0x00000000eb300000,0x00000000eb79ec38,0x00000000ebe80000)
  from space 2560K, 0% used [0x00000000ebe80000,0x00000000ebe80000,0x00000000ec100000)
  to   space 4608K, 0% used [0x00000000ece80000,0x00000000ece80000,0x00000000ed300000)
 ParOldGen       total 8192K, used 8114K [0x00000000c1800000, 0x00000000c2000000, 0x00000000eb300000)
  object space 8192K, 99% used [0x00000000c1800000,0x00000000c1feca38,0x00000000c2000000)
 Metaspace       used 7435K, capacity 8308K, committed 8576K, reserved 1056768K
  class space    used 857K, capacity 880K, committed 896K, reserved 1048576K
GC Heap History (10 events):
Event: 0.998 GC heap before
{Heap before GC invocations=6 (full 0):
 PSYoungGen      total 6656K, used 5979K [0x00000000eb300000, 0x00000000ec300000, 0x0000000100000000)
  eden space 6144K, 88% used [0x00000000eb300000,0x00000000eb856ed0,0x00000000eb900000)
  from space 512K, 100% used [0x00000000eb900000,0x00000000eb980000,0x00000000eb980000)
  to   space 2048K, 0% used [0x00000000ec100000,0x00000000ec100000,0x00000000ec300000)
 ParOldGen       total 5632K, used 2616K [0x00000000c1800000, 0x00000000c1d80000, 0x00000000eb300000)
  object space 5632K, 46% used [0x00000000c1800000,0x00000000c1a8e008,0x00000000c1d80000)
 Metaspace       used 7281K, capacity 8180K, committed 8320K, reserved 1056768K
  class space    used 857K, capacity 880K, committed 896K, reserved 1048576K
Event: 1.004 GC heap after
Heap after GC invocations=6 (full 0):
 PSYoungGen      total 13824K, used 1581K [0x00000000eb300000, 0x00000000ec400000, 0x0000000100000000)
  eden space 11776K, 0% used [0x00000000eb300000,0x00000000eb300000,0x00000000ebe80000)
  from space 2048K, 77% used [0x00000000ec100000,0x00000000ec28b678,0x00000000ec300000)
  to   space 2560K, 0% used [0x00000000ebe80000,0x00000000ebe80000,0x00000000ec100000)
 ParOldGen       total 5632K, used 3468K [0x00000000c1800000, 0x00000000c1d80000, 0x00000000eb300000)
  object space 5632K, 61% used [0x00000000c1800000,0x00000000c1b63320,0x00000000c1d80000)
 Metaspace       used 7281K, capacity 8180K, committed 8320K, reserved 1056768K
  class space    used 857K, capacity 880K, committed 896K, reserved 1048576K
}
Event: 1.150 GC heap before
{Heap before GC invocations=7 (full 0):
 PSYoungGen      total 13824K, used 10346K [0x00000000eb300000, 0x00000000ec400000, 0x0000000100000000)
  eden space 11776K, 74% used [0x00000000eb300000,0x00000000ebb8f578,0x00000000ebe80000)
  from space 2048K, 77% used [0x00000000ec100000,0x00000000ec28b678,0x00000000ec300000)
  to   space 2560K, 0% used [0x00000000ebe80000,0x00000000ebe80000,0x00000000ec100000)
 ParOldGen       total 5632K, used 3468K [0x00000000c1800000, 0x00000000c1d80000, 0x00000000eb300000)
  object space 5632K, 61% used [0x00000000c1800000,0x00000000c1b63320,0x00000000c1d80000)
 Metaspace       used 7285K, capacity 8180K, committed 8320K, reserved 1056768K
  class space    used 857K, capacity 880K, committed 896K, reserved 1048576K
Event: 1.156 GC heap after
Heap after GC invocations=7 (full 0):
 PSYoungGen      total 14336K, used 2551K [0x00000000eb300000, 0x00000000ed300000, 0x0000000100000000)
  eden space 11776K, 0% used [0x00000000eb300000,0x00000000eb300000,0x00000000ebe80000)
  from space 2560K, 99% used [0x00000000ebe80000,0x00000000ec0fdca8,0x00000000ec100000)
  to   space 4608K, 0% used [0x00000000ece80000,0x00000000ece80000,0x00000000ed300000)
 ParOldGen       total 8192K, used 6346K [0x00000000c1800000, 0x00000000c2000000, 0x00000000eb300000)
  object space 8192K, 77% used [0x00000000c1800000,0x00000000c1e32840,0x00000000c2000000)
 Metaspace       used 7285K, capacity 8180K, committed 8320K, reserved 1056768K
  class space    used 857K, capacity 880K, committed 896K, reserved 1048576K
}
Event: 1.156 GC heap before
{Heap before GC invocations=8 (full 1):
 PSYoungGen      total 14336K, used 2551K [0x00000000eb300000, 0x00000000ed300000, 0x0000000100000000)
  eden space 11776K, 0% used [0x00000000eb300000,0x00000000eb300000,0x00000000ebe80000)
  from space 2560K, 99% used [0x00000000ebe80000,0x00000000ec0fdca8,0x00000000ec100000)
  to   space 4608K, 0% used [0x00000000ece80000,0x00000000ece80000,0x00000000ed300000)
 ParOldGen       total 8192K, used 6346K [0x00000000c1800000, 0x00000000c2000000, 0x00000000eb300000)
  object space 8192K, 77% used [0x00000000c1800000,0x00000000c1e32840,0x00000000c2000000)
 Metaspace       used 7285K, capacity 8180K, committed 8320K, reserved 1056768K
  class space    used 857K, capacity 880K, committed 896K, reserved 1048576K
Event: 1.206 GC heap after
Heap after GC invocations=8 (full 1):
 PSYoungGen      total 14336K, used 2547K [0x00000000eb300000, 0x00000000ed300000, 0x0000000100000000)
  eden space 11776K, 0% used [0x00000000eb300000,0x00000000eb300000,0x00000000ebe80000)
  from space 2560K, 99% used [0x00000000ebe80000,0x00000000ec0fce28,0x00000000ec100000)
  to   space 4608K, 0% used [0x00000000ece80000,0x00000000ece80000,0x00000000ed300000)
 ParOldGen       total 8192K, used 6029K [0x00000000c1800000, 0x00000000c2000000, 0x00000000eb300000)
  object space 8192K, 73% used [0x00000000c1800000,0x00000000c1de35d8,0x00000000c2000000)
 Metaspace       used 7285K, capacity 8180K, committed 8320K, reserved 1056768K
  class space    used 857K, capacity 880K, committed 896K, reserved 1048576K
}
Event: 1.367 GC heap before
{Heap before GC invocations=9 (full 2):
 PSYoungGen      total 14336K, used 14323K [0x00000000eb300000, 0x00000000ed300000, 0x0000000100000000)
  eden space 11776K, 100% used [0x00000000eb300000,0x00000000ebe80000,0x00000000ebe80000)
  from space 2560K, 99% used [0x00000000ebe80000,0x00000000ec0fce28,0x00000000ec100000)
  to   space 4608K, 0% used [0x00000000ece80000,0x00000000ece80000,0x00000000ed300000)
 ParOldGen       total 8192K, used 6029K [0x00000000c1800000, 0x00000000c2000000, 0x00000000eb300000)
  object space 8192K, 73% used [0x00000000c1800000,0x00000000c1de35d8,0x00000000c2000000)
 Metaspace       used 7370K, capacity 8244K, committed 8320K, reserved 1056768K
  class space    used 857K, capacity 880K, committed 896K, reserved 1048576K
Event: 1.401 GC heap after
Heap after GC invocations=9 (full 2):
 PSYoungGen      total 14336K, used 2546K [0x00000000eb300000, 0x00000000ed300000, 0x0000000100000000)
  eden space 11776K, 0% used [0x00000000eb300000,0x00000000eb300000,0x00000000ebe80000)
  from space 2560K, 99% used [0x00000000ebe80000,0x00000000ec0fcaa8,0x00000000ec100000)
  to   space 4608K, 0% used [0x00000000ece80000,0x00000000ece80000,0x00000000ed300000)
 ParOldGen       total 8192K, used 6502K [0x00000000c1800000, 0x00000000c2000000, 0x00000000eb300000)
  object space 8192K, 79% used [0x00000000c1800000,0x00000000c1e59ae8,0x00000000c2000000)
 Metaspace       used 7370K, capacity 8244K, committed 8320K, reserved 1056768K
  class space    used 857K, capacity 880K, committed 896K, reserved 1048576K
}
Event: 1.526 GC heap before
{Heap before GC invocations=10 (full 3):
 PSYoungGen      total 14336K, used 14322K [0x00000000eb300000, 0x00000000ed300000, 0x0000000100000000)
  eden space 11776K, 100% used [0x00000000eb300000,0x00000000ebe80000,0x00000000ebe80000)
  from space 2560K, 99% used [0x00000000ebe80000,0x00000000ec0fcaa8,0x00000000ec100000)
  to   space 4608K, 0% used [0x00000000ece80000,0x00000000ece80000,0x00000000ed300000)
 ParOldGen       total 8192K, used 6502K [0x00000000c1800000, 0x00000000c2000000, 0x00000000eb300000)
  object space 8192K, 79% used [0x00000000c1800000,0x00000000c1e59ae8,0x00000000c2000000)
 Metaspace       used 7424K, capacity 8308K, committed 8576K, reserved 1056768K
  class space    used 857K, capacity 880K, committed 896K, reserved 1048576K
Event: 1.585 GC heap after
Heap after GC invocations=10 (full 3):
 PSYoungGen      total 14336K, used 4260K [0x00000000eb300000, 0x00000000ed300000, 0x0000000100000000)
  eden space 11776K, 36% used [0x00000000eb300000,0x00000000eb7290d8,0x00000000ebe80000)
  from space 2560K, 0% used [0x00000000ebe80000,0x00000000ebe80000,0x00000000ec100000)
  to   space 4608K, 0% used [0x00000000ece80000,0x00000000ece80000,0x00000000ed300000)
 ParOldGen       total 8192K, used 8114K [0x00000000c1800000, 0x00000000c2000000, 0x00000000eb300000)
  object space 8192K, 99% used [0x00000000c1800000,0x00000000c1feca38,0x00000000c2000000)
 Metaspace       used 7424K, capacity 8308K, committed 8576K, reserved 1056768K
  class space    used 857K, capacity 880K, committed 896K, reserved 1048576K
}

