# JRE version: OpenJDK Runtime Environment (8.0) (build 1.8.0-25-microsoft-b00)
# Java VM: OpenJDK 64-Bit Server VM (25.71-b00 mixed mode windows-amd64 compressed oops)
Heap:
 PSYoungGen      total 35328K, used 10748K [0x00000000eab00000, 0x00000000ed000000, 0x0000000100000000)
  eden space 32768K, 25% used [0x00000000eab00000,0x00000000eb3071a8,0x00000000ecb00000)
  from space 2560K, 98% used [0x00000000ecd80000,0x00000000ecff8040,0x00000000ed000000)
  to   space 2560K, 0% used [0x00000000ecb00000,0x00000000ecb00000,0x00000000ecd80000)
 ParOldGen       total 57856K, used 35422K [0x00000000c0000000, 0x00000000c3880000, 0x00000000eab00000)
  object space 57856K, 61% used [0x00000000c0000000,0x00000000c2297a70,0x00000000c3880000)
 Metaspace       used 12004K, capacity 12514K, committed 12800K, reserved 1060864K
  class space    used 1510K, capacity 1669K, committed 1792K, reserved 1048576K
GC Heap History (10 events):
Event: 1.570 GC heap before
{Heap before GC invocations=5 (full 0):
 PSYoungGen      total 35328K, used 35296K [0x00000000eab00000, 0x00000000ed000000, 0x0000000100000000)
  eden space 32768K, 100% used [0x00000000eab00000,0x00000000ecb00000,0x00000000ecb00000)
  from space 2560K, 98% used [0x00000000ecd80000,0x00000000ecff8288,0x00000000ed000000)
  to   space 2560K, 0% used [0x00000000ecb00000,0x00000000ecb00000,0x00000000ecd80000)
 ParOldGen       total 44032K, used 15452K [0x00000000c0000000, 0x00000000c2b00000, 0x00000000eab00000)
  object space 44032K, 35% used [0x00000000c0000000,0x00000000c0f17240,0x00000000c2b00000)
 Metaspace       used 8552K, capacity 8868K, committed 9088K, reserved 1056768K
  class space    used 948K, capacity 1068K, committed 1152K, reserved 1048576K
Event: 1.588 GC heap after
Heap after GC invocations=5 (full 0):
 PSYoungGen      total 35328K, used 2528K [0x00000000eab00000, 0x00000000ed000000, 0x0000000100000000)
  eden space 32768K, 0% used [0x00000000eab00000,0x00000000eab00000,0x00000000ecb00000)
  from space 2560K, 98% used [0x00000000ecb00000,0x00000000ecd78168,0x00000000ecd80000)
  to   space 2560K, 0% used [0x00000000ecd80000,0x00000000ecd80000,0x00000000ed000000)
 ParOldGen       total 44032K, used 26841K [0x00000000c0000000, 0x00000000c2b00000, 0x00000000eab00000)
  object space 44032K, 60% used [0x00000000c0000000,0x00000000c1a36668,0x00000000c2b00000)
 Metaspace       used 8552K, capacity 8868K, committed 9088K, reserved 1056768K
  class space    used 948K, capacity 1068K, committed 1152K, reserved 1048576K
}
Event: 1.724 GC heap before
{Heap before GC invocations=6 (full 0):
 PSYoungGen      total 35328K, used 35296K [0x00000000eab00000, 0x00000000ed000000, 0x0000000100000000)
  eden space 32768K, 100% used [0x00000000eab00000,0x00000000ecb00000,0x00000000ecb00000)
  from space 2560K, 98% used [0x00000000ecb00000,0x00000000ecd78168,0x00000000ecd80000)
  to   space 2560K, 0% used [0x00000000ecd80000,0x00000000ecd80000,0x00000000ed000000)
 ParOldGen       total 44032K, used 26841K [0x00000000c0000000, 0x00000000c2b00000, 0x00000000eab00000)
  object space 44032K, 60% used [0x00000000c0000000,0x00000000c1a36668,0x00000000c2b00000)
 Metaspace       used 8656K, capacity 8972K, committed 9088K, reserved 1056768K
  class space    used 954K, capacity 1074K, committed 1152K, reserved 1048576K
Event: 1.744 GC heap after
Heap after GC invocations=6 (full 0):
 PSYoungGen      total 35328K, used 2538K [0x00000000eab00000, 0x00000000ed000000, 0x0000000100000000)
  eden space 32768K, 0% used [0x00000000eab00000,0x00000000eab00000,0x00000000ecb00000)
  from space 2560K, 99% used [0x00000000ecd80000,0x00000000ecffabc0,0x00000000ed000000)
  to   space 2560K, 0% used [0x00000000ecb00000,0x00000000ecb00000,0x00000000ecd80000)
 ParOldGen       total 44032K, used 35341K [0x00000000c0000000, 0x00000000c2b00000, 0x00000000eab00000)
  object space 44032K, 80% used [0x00000000c0000000,0x00000000c22835d0,0x00000000c2b00000)
 Metaspace       used 8656K, capacity 8972K, committed 9088K, reserved 1056768K
  class space    used 954K, capacity 1074K, committed 1152K, reserved 1048576K
}
Event: 1.745 GC heap before
{Heap before GC invocations=7 (full 1):
 PSYoungGen      total 35328K, used 2538K [0x00000000eab00000, 0x00000000ed000000, 0x0000000100000000)
  eden space 32768K, 0% used [0x00000000eab00000,0x00000000eab00000,0x00000000ecb00000)
  from space 2560K, 99% used [0x00000000ecd80000,0x00000000ecffabc0,0x00000000ed000000)
  to   space 2560K, 0% used [0x00000000ecb00000,0x00000000ecb00000,0x00000000ecd80000)
 ParOldGen       total 44032K, used 35341K [0x00000000c0000000, 0x00000000c2b00000, 0x00000000eab00000)
  object space 44032K, 80% used [0x00000000c0000000,0x00000000c22835d0,0x00000000c2b00000)
 Metaspace       used 8656K, capacity 8972K, committed 9088K, reserved 1056768K
  class space    used 954K, capacity 1074K, committed 1152K, reserved 1048576K
Event: 1.824 GC heap after
Heap after GC invocations=7 (full 1):
 PSYoungGen      total 35328K, used 0K [0x00000000eab00000, 0x00000000ed000000, 0x0000000100000000)
  eden space 32768K, 0% used [0x00000000eab00000,0x00000000eab00000,0x00000000ecb00000)
  from space 2560K, 0% used [0x00000000ecd80000,0x00000000ecd80000,0x00000000ed000000)
  to   space 2560K, 0% used [0x00000000ecb00000,0x00000000ecb00000,0x00000000ecd80000)
 ParOldGen       total 57856K, used 21992K [0x00000000c0000000, 0x00000000c3880000, 0x00000000eab00000)
  object space 57856K, 38% used [0x00000000c0000000,0x00000000c157a1b0,0x00000000c3880000)
 Metaspace       used 8648K, capacity 8950K, committed 9088K, reserved 1056768K
  class space    used 951K, capacity 1069K, committed 1152K, reserved 1048576K
}
Event: 1.906 GC heap before
{Heap before GC invocations=8 (full 1):
 PSYoungGen      total 35328K, used 32768K [0x00000000eab00000, 0x00000000ed000000, 0x0000000100000000)
  eden space 32768K, 100% used [0x00000000eab00000,0x00000000ecb00000,0x00000000ecb00000)
  from space 2560K, 0% used [0x00000000ecd80000,0x00000000ecd80000,0x00000000ed000000)
  to   space 2560K, 0% used [0x00000000ecb00000,0x00000000ecb00000,0x00000000ecd80000)
 ParOldGen       total 57856K, used 21992K [0x00000000c0000000, 0x00000000c3880000, 0x00000000eab00000)
  object space 57856K, 38% used [0x00000000c0000000,0x00000000c157a1b0,0x00000000c3880000)
 Metaspace       used 8650K, capacity 8950K, committed 9088K, reserved 1056768K
  class space    used 951K, capacity 1069K, committed 1152K, reserved 1048576K
Event: 1.920 GC heap after
Heap after GC invocations=8 (full 1):
 PSYoungGen      total 35328K, used 2528K [0x00000000eab00000, 0x00000000ed000000, 0x0000000100000000)
  eden space 32768K, 0% used [0x00000000eab00000,0x00000000eab00000,0x00000000ecb00000)
  from space 2560K, 98% used [0x00000000ecb00000,0x00000000ecd78050,0x00000000ecd80000)
  to   space 2560K, 0% used [0x00000000ecd80000,0x00000000ecd80000,0x00000000ed000000)
 ParOldGen       total 57856K, used 27629K [0x00000000c0000000, 0x00000000c3880000, 0x00000000eab00000)
  object space 57856K, 47% used [0x00000000c0000000,0x00000000c1afb6e8,0x00000000c3880000)
 Metaspace       used 8650K, capacity 8950K, committed 9088K, reserved 1056768K
  class space    used 951K, capacity 1069K, committed 1152K, reserved 1048576K
}
Event: 2.175 GC heap before
{Heap before GC invocations=9 (full 1):
 PSYoungGen      total 35328K, used 35296K [0x00000000eab00000, 0x00000000ed000000, 0x0000000100000000)
  eden space 32768K, 100% used [0x00000000eab00000,0x00000000ecb00000,0x00000000ecb00000)
  from space 2560K, 98% used [0x00000000ecb00000,0x00000000ecd78050,0x00000000ecd80000)
  to   space 2560K, 0% used [0x00000000ecd80000,0x00000000ecd80000,0x00000000ed000000)
 ParOldGen       total 57856K, used 27629K [0x00000000c0000000, 0x00000000c3880000, 0x00000000eab00000)
  object space 57856K, 47% used [0x00000000c0000000,0x00000000c1afb6e8,0x00000000c3880000)
 Metaspace       used 9863K, capacity 10246K, committed 10496K, reserved 1058816K
  class space    used 1139K, capacity 1275K, committed 1280K, reserved 1048576K
Event: 2.197 GC heap after
Heap after GC invocations=9 (full 1):
 PSYoungGen      total 35328K, used 2528K [0x00000000eab00000, 0x00000000ed000000, 0x0000000100000000)
  eden space 32768K, 0% used [0x00000000eab00000,0x00000000eab00000,0x00000000ecb00000)
  from space 2560K, 98% used [0x00000000ecd80000,0x00000000ecff8040,0x00000000ed000000)
  to   space 2560K, 0% used [0x00000000ecb00000,0x00000000ecb00000,0x00000000ecd80000)
 ParOldGen       total 57856K, used 35422K [0x00000000c0000000, 0x00000000c3880000, 0x00000000eab00000)
  object space 57856K, 61% used [0x00000000c0000000,0x00000000c2297a70,0x00000000c3880000)
 Metaspace       used 9863K, capacity 10246K, committed 10496K, reserved 1058816K
  class space    used 1139K, capacity 1275K, committed 1280K, reserved 1048576K
}

