# JRE version: OpenJDK Runtime Environment (8.0) (build 1.8.0-25-microsoft-b00)
# Java VM: OpenJDK 64-Bit Server VM (25.71-b00 mixed mode windows-amd64 compressed oops)
Heap:
 PSYoungGen      total 6656K, used 5081K [0x00000000eb300000, 0x00000000ec300000, 0x0000000100000000)
  eden space 6144K, 74% used [0x00000000eb300000,0x00000000eb77a6c0,0x00000000eb900000)
  from space 512K, 96% used [0x00000000eb900000,0x00000000eb97c010,0x00000000eb980000)
  to   space 2048K, 0% used [0x00000000ec100000,0x00000000ec100000,0x00000000ec300000)
 ParOldGen       total 5632K, used 2619K [0x00000000c1800000, 0x00000000c1d80000, 0x00000000eb300000)
  object space 5632K, 46% used [0x00000000c1800000,0x00000000c1a8ef98,0x00000000c1d80000)
 Metaspace       used 7302K, capacity 8180K, committed 8320K, reserved 1056768K
  class space    used 856K, capacity 880K, committed 896K, reserved 1048576K
GC Heap History (10 events):
Event: 0.179 GC heap before
{Heap before GC invocations=1 (full 0):
 PSYoungGen      total 2048K, used 1536K [0x00000000eb300000, 0x00000000eb580000, 0x0000000100000000)
  eden space 1536K, 100% used [0x00000000eb300000,0x00000000eb480000,0x00000000eb480000)
  from space 512K, 0% used [0x00000000eb500000,0x00000000eb500000,0x00000000eb580000)
  to   space 512K, 0% used [0x00000000eb480000,0x00000000eb480000,0x00000000eb500000)
 ParOldGen       total 5632K, used 0K [0x00000000c1800000, 0x00000000c1d80000, 0x00000000eb300000)
  object space 5632K, 0% used [0x00000000c1800000,0x00000000c1800000,0x00000000c1d80000)
 Metaspace       used 3184K, capacity 4812K, committed 5120K, reserved 1056768K
  class space    used 359K, capacity 456K, committed 512K, reserved 1048576K
Event: 0.183 GC heap after
Heap after GC invocations=1 (full 0):
 PSYoungGen      total 2048K, used 496K [0x00000000eb300000, 0x00000000eb700000, 0x0000000100000000)
  eden space 1536K, 0% used [0x00000000eb300000,0x00000000eb300000,0x00000000eb480000)
  from space 512K, 96% used [0x00000000eb480000,0x00000000eb4fc010,0x00000000eb500000)
  to   space 512K, 0% used [0x00000000eb680000,0x00000000eb680000,0x00000000eb700000)
 ParOldGen       total 5632K, used 32K [0x00000000c1800000, 0x00000000c1d80000, 0x00000000eb300000)
  object space 5632K, 0% used [0x00000000c1800000,0x00000000c1808010,0x00000000c1d80000)
 Metaspace       used 3184K, capacity 4812K, committed 5120K, reserved 1056768K
  class space    used 359K, capacity 456K, committed 512K, reserved 1048576K
}
Event: 0.325 GC heap before
{Heap before GC invocations=2 (full 0):
 PSYoungGen      total 2048K, used 2032K [0x00000000eb300000, 0x00000000eb700000, 0x0000000100000000)
  eden space 1536K, 100% used [0x00000000eb300000,0x00000000eb480000,0x00000000eb480000)
  from space 512K, 96% used [0x00000000eb480000,0x00000000eb4fc010,0x00000000eb500000)
  to   space 512K, 0% used [0x00000000eb680000,0x00000000eb680000,0x00000000eb700000)
 ParOldGen       total 5632K, used 32K [0x00000000c1800000, 0x00000000c1d80000, 0x00000000eb300000)
  object space 5632K, 0% used [0x00000000c1800000,0x00000000c1808010,0x00000000c1d80000)
 Metaspace       used 3831K, capacity 5228K, committed 5376K, reserved 1056768K
  class space    used 430K, capacity 488K, committed 512K, reserved 1048576K
Event: 0.327 GC heap after
Heap after GC invocations=2 (full 0):
 PSYoungGen      total 3584K, used 512K [0x00000000eb300000, 0x00000000eb700000, 0x0000000100000000)
  eden space 3072K, 0% used [0x00000000eb300000,0x00000000eb300000,0x00000000eb600000)
  from space 512K, 100% used [0x00000000eb680000,0x00000000eb700000,0x00000000eb700000)
  to   space 512K, 0% used [0x00000000eb600000,0x00000000eb600000,0x00000000eb680000)
 ParOldGen       total 5632K, used 112K [0x00000000c1800000, 0x00000000c1d80000, 0x00000000eb300000)
  object space 5632K, 1% used [0x00000000c1800000,0x00000000c181c010,0x00000000c1d80000)
 Metaspace       used 3831K, capacity 5228K, committed 5376K, reserved 1056768K
  class space    used 430K, capacity 488K, committed 512K, reserved 1048576K
}
Event: 0.420 GC heap before
{Heap before GC invocations=3 (full 0):
 PSYoungGen      total 3584K, used 3584K [0x00000000eb300000, 0x00000000eb700000, 0x0000000100000000)
  eden space 3072K, 100% used [0x00000000eb300000,0x00000000eb600000,0x00000000eb600000)
  from space 512K, 100% used [0x00000000eb680000,0x00000000eb700000,0x00000000eb700000)
  to   space 512K, 0% used [0x00000000eb600000,0x00000000eb600000,0x00000000eb680000)
 ParOldGen       total 5632K, used 112K [0x00000000c1800000, 0x00000000c1d80000, 0x00000000eb300000)
  object space 5632K, 1% used [0x00000000c1800000,0x00000000c181c010,0x00000000c1d80000)
 Metaspace       used 4846K, capacity 6188K, committed 6272K, reserved 1056768K
  class space    used 574K, capacity 616K, committed 640K, reserved 1048576K
Event: 0.422 GC heap after
Heap after GC invocations=3 (full 0):
 PSYoungGen      total 3584K, used 480K [0x00000000eb300000, 0x00000000eba00000, 0x0000000100000000)
  eden space 3072K, 0% used [0x00000000eb300000,0x00000000eb300000,0x00000000eb600000)
  from space 512K, 93% used [0x00000000eb600000,0x00000000eb678020,0x00000000eb680000)
  to   space 512K, 0% used [0x00000000eb980000,0x00000000eb980000,0x00000000eba00000)
 ParOldGen       total 5632K, used 632K [0x00000000c1800000, 0x00000000c1d80000, 0x00000000eb300000)
  object space 5632K, 11% used [0x00000000c1800000,0x00000000c189e030,0x00000000c1d80000)
 Metaspace       used 4846K, capacity 6188K, committed 6272K, reserved 1056768K
  class space    used 574K, capacity 616K, committed 640K, reserved 1048576K
}
Event: 0.511 GC heap before
{Heap before GC invocations=4 (full 0):
 PSYoungGen      total 3584K, used 3548K [0x00000000eb300000, 0x00000000eba00000, 0x0000000100000000)
  eden space 3072K, 99% used [0x00000000eb300000,0x00000000eb5ff040,0x00000000eb600000)
  from space 512K, 93% used [0x00000000eb600000,0x00000000eb678020,0x00000000eb680000)
  to   space 512K, 0% used [0x00000000eb980000,0x00000000eb980000,0x00000000eba00000)
 ParOldGen       total 5632K, used 632K [0x00000000c1800000, 0x00000000c1d80000, 0x00000000eb300000)
  object space 5632K, 11% used [0x00000000c1800000,0x00000000c189e030,0x00000000c1d80000)
 Metaspace       used 5863K, capacity 7116K, committed 7296K, reserved 1056768K
  class space    used 719K, capacity 776K, committed 896K, reserved 1048576K
Event: 0.512 GC heap after
Heap after GC invocations=4 (full 0):
 PSYoungGen      total 6656K, used 511K [0x00000000eb300000, 0x00000000eba00000, 0x0000000100000000)
  eden space 6144K, 0% used [0x00000000eb300000,0x00000000eb300000,0x00000000eb900000)
  from space 512K, 99% used [0x00000000eb980000,0x00000000eb9ffc30,0x00000000eba00000)
  to   space 512K, 0% used [0x00000000eb900000,0x00000000eb900000,0x00000000eb980000)
 ParOldGen       total 5632K, used 776K [0x00000000c1800000, 0x00000000c1d80000, 0x00000000eb300000)
  object space 5632K, 13% used [0x00000000c1800000,0x00000000c18c2030,0x00000000c1d80000)
 Metaspace       used 5863K, capacity 7116K, committed 7296K, reserved 1056768K
  class space    used 719K, capacity 776K, committed 896K, reserved 1048576K
}
Event: 2.909 GC heap before
{Heap before GC invocations=5 (full 0):
 PSYoungGen      total 6656K, used 6655K [0x00000000eb300000, 0x00000000eba00000, 0x0000000100000000)
  eden space 6144K, 100% used [0x00000000eb300000,0x00000000eb900000,0x00000000eb900000)
  from space 512K, 99% used [0x00000000eb980000,0x00000000eb9ffc30,0x00000000eba00000)
  to   space 512K, 0% used [0x00000000eb900000,0x00000000eb900000,0x00000000eb980000)
 ParOldGen       total 5632K, used 776K [0x00000000c1800000, 0x00000000c1d80000, 0x00000000eb300000)
  object space 5632K, 13% used [0x00000000c1800000,0x00000000c18c2030,0x00000000c1d80000)
 Metaspace       used 7298K, capacity 8180K, committed 8320K, reserved 1056768K
  class space    used 856K, capacity 880K, committed 896K, reserved 1048576K
Event: 2.914 GC heap after
Heap after GC invocations=5 (full 0):
 PSYoungGen      total 6656K, used 496K [0x00000000eb300000, 0x00000000ec300000, 0x0000000100000000)
  eden space 6144K, 0% used [0x00000000eb300000,0x00000000eb300000,0x00000000eb900000)
  from space 512K, 96% used [0x00000000eb900000,0x00000000eb97c010,0x00000000eb980000)
  to   space 2048K, 0% used [0x00000000ec100000,0x00000000ec100000,0x00000000ec300000)
 ParOldGen       total 5632K, used 2619K [0x00000000c1800000, 0x00000000c1d80000, 0x00000000eb300000)
  object space 5632K, 46% used [0x00000000c1800000,0x00000000c1a8ef98,0x00000000c1d80000)
 Metaspace       used 7298K, capacity 8180K, committed 8320K, reserved 1056768K
  class space    used 856K, capacity 880K, committed 896K, reserved 1048576K
}

