# JRE version: OpenJDK Runtime Environment (8.0) (build 1.8.0-25-microsoft-b00)
# Java VM: OpenJDK 64-Bit Server VM (25.71-b00 mixed mode windows-amd64 compressed oops)
Heap:
 PSYoungGen      total 263680K, used 16179K [0x00000000eab00000, 0x00000000fcc80000, 0x0000000100000000)
  eden space 231424K, 4% used [0x00000000eab00000,0x00000000eb644cf8,0x00000000f8d00000)
  from space 32256K, 14% used [0x00000000f8d00000,0x00000000f9188010,0x00000000fac80000)
  to   space 32256K, 0% used [0x00000000fac80000,0x00000000fac80000,0x00000000fcc00000)
 ParOldGen       total 87040K, used 41791K [0x00000000c0000000, 0x00000000c5500000, 0x00000000eab00000)
  object space 87040K, 48% used [0x00000000c0000000,0x00000000c28cff08,0x00000000c5500000)
 Metaspace       used 15059K, capacity 15720K, committed 15872K, reserved 1062912K
  class space    used 1766K, capacity 1932K, committed 2048K, reserved 1048576K
GC Heap History (10 events):
Event: 18.243 GC heap before
{Heap before GC invocations=23 (full 1):
 PSYoungGen      total 263680K, used 258080K [0x00000000eab00000, 0x00000000fcc80000, 0x0000000100000000)
  eden space 231424K, 100% used [0x00000000eab00000,0x00000000f8d00000,0x00000000f8d00000)
  from space 32256K, 82% used [0x00000000f8d00000,0x00000000fa708020,0x00000000fac80000)
  to   space 32256K, 0% used [0x00000000fac80000,0x00000000fac80000,0x00000000fcc00000)
 ParOldGen       total 69120K, used 51405K [0x00000000c0000000, 0x00000000c4380000, 0x00000000eab00000)
  object space 69120K, 74% used [0x00000000c0000000,0x00000000c32336e0,0x00000000c4380000)
 Metaspace       used 15061K, capacity 15690K, committed 15872K, reserved 1062912K
  class space    used 1771K, capacity 1941K, committed 2048K, reserved 1048576K
Event: 18.312 GC heap after
Heap after GC invocations=23 (full 1):
 PSYoungGen      total 263680K, used 31554K [0x00000000eab00000, 0x00000000fcc80000, 0x0000000100000000)
  eden space 231424K, 0% used [0x00000000eab00000,0x00000000eab00000,0x00000000f8d00000)
  from space 32256K, 97% used [0x00000000fac80000,0x00000000fcb50a38,0x00000000fcc00000)
  to   space 32256K, 0% used [0x00000000f8d00000,0x00000000f8d00000,0x00000000fac80000)
 ParOldGen       total 69120K, used 51405K [0x00000000c0000000, 0x00000000c4380000, 0x00000000eab00000)
  object space 69120K, 74% used [0x00000000c0000000,0x00000000c32336e0,0x00000000c4380000)
 Metaspace       used 15061K, capacity 15690K, committed 15872K, reserved 1062912K
  class space    used 1771K, capacity 1941K, committed 2048K, reserved 1048576K
}
Event: 19.091 GC heap before
{Heap before GC invocations=24 (full 1):
 PSYoungGen      total 263680K, used 262978K [0x00000000eab00000, 0x00000000fcc80000, 0x0000000100000000)
  eden space 231424K, 100% used [0x00000000eab00000,0x00000000f8d00000,0x00000000f8d00000)
  from space 32256K, 97% used [0x00000000fac80000,0x00000000fcb50a38,0x00000000fcc00000)
  to   space 32256K, 0% used [0x00000000f8d00000,0x00000000f8d00000,0x00000000fac80000)
 ParOldGen       total 69120K, used 51405K [0x00000000c0000000, 0x00000000c4380000, 0x00000000eab00000)
  object space 69120K, 74% used [0x00000000c0000000,0x00000000c32336e0,0x00000000c4380000)
 Metaspace       used 15071K, capacity 15754K, committed 15872K, reserved 1062912K
  class space    used 1771K, capacity 1941K, committed 2048K, reserved 1048576K
Event: 19.159 GC heap after
Heap after GC invocations=24 (full 1):
 PSYoungGen      total 263680K, used 32224K [0x00000000eab00000, 0x00000000fcc80000, 0x0000000100000000)
  eden space 231424K, 0% used [0x00000000eab00000,0x00000000eab00000,0x00000000f8d00000)
  from space 32256K, 99% used [0x00000000f8d00000,0x00000000fac78010,0x00000000fac80000)
  to   space 32256K, 0% used [0x00000000fac80000,0x00000000fac80000,0x00000000fcc00000)
 ParOldGen       total 69120K, used 56589K [0x00000000c0000000, 0x00000000c4380000, 0x00000000eab00000)
  object space 69120K, 81% used [0x00000000c0000000,0x00000000c37436f0,0x00000000c4380000)
 Metaspace       used 15071K, capacity 15754K, committed 15872K, reserved 1062912K
  class space    used 1771K, capacity 1941K, committed 2048K, reserved 1048576K
}
Event: 19.829 GC heap before
{Heap before GC invocations=25 (full 1):
 PSYoungGen      total 263680K, used 263648K [0x00000000eab00000, 0x00000000fcc80000, 0x0000000100000000)
  eden space 231424K, 100% used [0x00000000eab00000,0x00000000f8d00000,0x00000000f8d00000)
  from space 32256K, 99% used [0x00000000f8d00000,0x00000000fac78010,0x00000000fac80000)
  to   space 32256K, 0% used [0x00000000fac80000,0x00000000fac80000,0x00000000fcc00000)
 ParOldGen       total 69120K, used 56589K [0x00000000c0000000, 0x00000000c4380000, 0x00000000eab00000)
  object space 69120K, 81% used [0x00000000c0000000,0x00000000c37436f0,0x00000000c4380000)
 Metaspace       used 15072K, capacity 15754K, committed 15872K, reserved 1062912K
  class space    used 1771K, capacity 1941K, committed 2048K, reserved 1048576K
Event: 19.904 GC heap after
Heap after GC invocations=25 (full 1):
 PSYoungGen      total 263680K, used 30864K [0x00000000eab00000, 0x00000000fcc80000, 0x0000000100000000)
  eden space 231424K, 0% used [0x00000000eab00000,0x00000000eab00000,0x00000000f8d00000)
  from space 32256K, 95% used [0x00000000fac80000,0x00000000fcaa4020,0x00000000fcc00000)
  to   space 32256K, 0% used [0x00000000f8d00000,0x00000000f8d00000,0x00000000fac80000)
 ParOldGen       total 69120K, used 61075K [0x00000000c0000000, 0x00000000c4380000, 0x00000000eab00000)
  object space 69120K, 88% used [0x00000000c0000000,0x00000000c3ba4c60,0x00000000c4380000)
 Metaspace       used 15072K, capacity 15754K, committed 15872K, reserved 1062912K
  class space    used 1771K, capacity 1941K, committed 2048K, reserved 1048576K
}
Event: 19.904 GC heap before
{Heap before GC invocations=26 (full 2):
 PSYoungGen      total 263680K, used 30864K [0x00000000eab00000, 0x00000000fcc80000, 0x0000000100000000)
  eden space 231424K, 0% used [0x00000000eab00000,0x00000000eab00000,0x00000000f8d00000)
  from space 32256K, 95% used [0x00000000fac80000,0x00000000fcaa4020,0x00000000fcc00000)
  to   space 32256K, 0% used [0x00000000f8d00000,0x00000000f8d00000,0x00000000fac80000)
 ParOldGen       total 69120K, used 61075K [0x00000000c0000000, 0x00000000c4380000, 0x00000000eab00000)
  object space 69120K, 88% used [0x00000000c0000000,0x00000000c3ba4c60,0x00000000c4380000)
 Metaspace       used 15072K, capacity 15754K, committed 15872K, reserved 1062912K
  class space    used 1771K, capacity 1941K, committed 2048K, reserved 1048576K
Event: 20.689 GC heap after
Heap after GC invocations=26 (full 2):
 PSYoungGen      total 263680K, used 0K [0x00000000eab00000, 0x00000000fcc80000, 0x0000000100000000)
  eden space 231424K, 0% used [0x00000000eab00000,0x00000000eab00000,0x00000000f8d00000)
  from space 32256K, 0% used [0x00000000fac80000,0x00000000fac80000,0x00000000fcc00000)
  to   space 32256K, 0% used [0x00000000f8d00000,0x00000000f8d00000,0x00000000fac80000)
 ParOldGen       total 87040K, used 41791K [0x00000000c0000000, 0x00000000c5500000, 0x00000000eab00000)
  object space 87040K, 48% used [0x00000000c0000000,0x00000000c28cff08,0x00000000c5500000)
 Metaspace       used 15057K, capacity 15720K, committed 15872K, reserved 1062912K
  class space    used 1766K, capacity 1932K, committed 2048K, reserved 1048576K
}
Event: 21.635 GC heap before
{Heap before GC invocations=27 (full 2):
 PSYoungGen      total 263680K, used 231424K [0x00000000eab00000, 0x00000000fcc80000, 0x0000000100000000)
  eden space 231424K, 100% used [0x00000000eab00000,0x00000000f8d00000,0x00000000f8d00000)
  from space 32256K, 0% used [0x00000000fac80000,0x00000000fac80000,0x00000000fcc00000)
  to   space 32256K, 0% used [0x00000000f8d00000,0x00000000f8d00000,0x00000000fac80000)
 ParOldGen       total 87040K, used 41791K [0x00000000c0000000, 0x00000000c5500000, 0x00000000eab00000)
  object space 87040K, 48% used [0x00000000c0000000,0x00000000c28cff08,0x00000000c5500000)
 Metaspace       used 15059K, capacity 15720K, committed 15872K, reserved 1062912K
  class space    used 1766K, capacity 1932K, committed 2048K, reserved 1048576K
Event: 21.646 GC heap after
Heap after GC invocations=27 (full 2):
 PSYoungGen      total 263680K, used 4640K [0x00000000eab00000, 0x00000000fcc80000, 0x0000000100000000)
  eden space 231424K, 0% used [0x00000000eab00000,0x00000000eab00000,0x00000000f8d00000)
  from space 32256K, 14% used [0x00000000f8d00000,0x00000000f9188010,0x00000000fac80000)
  to   space 32256K, 0% used [0x00000000fac80000,0x00000000fac80000,0x00000000fcc00000)
 ParOldGen       total 87040K, used 41791K [0x00000000c0000000, 0x00000000c5500000, 0x00000000eab00000)
  object space 87040K, 48% used [0x00000000c0000000,0x00000000c28cff08,0x00000000c5500000)
 Metaspace       used 15059K, capacity 15720K, committed 15872K, reserved 1062912K
  class space    used 1766K, capacity 1932K, committed 2048K, reserved 1048576K
}

