# JRE version: OpenJDK Runtime Environment (8.0) (build 1.8.0-25-microsoft-b00)
# Java VM: OpenJDK 64-Bit Server VM (25.71-b00 mixed mode windows-amd64 compressed oops)
Heap:
 PSYoungGen      total 176640K, used 143100K [0x00000000eab00000, 0x00000000f9700000, 0x0000000100000000)
  eden space 148992K, 79% used [0x00000000eab00000,0x00000000f1f1e368,0x00000000f3c80000)
  from space 27648K, 87% used [0x00000000f7c00000,0x00000000f93a0e50,0x00000000f9700000)
  to   space 21504K, 0% used [0x00000000f3c80000,0x00000000f3c80000,0x00000000f5180000)
 ParOldGen       total 68096K, used 31602K [0x00000000c0000000, 0x00000000c4280000, 0x00000000eab00000)
  object space 68096K, 46% used [0x00000000c0000000,0x00000000c1edca70,0x00000000c4280000)
 Metaspace       used 14980K, capacity 15596K, committed 15872K, reserved 1062912K
  class space    used 1772K, capacity 1936K, committed 2048K, reserved 1048576K
GC Heap History (10 events):
Event: 7.916 GC heap before
{Heap before GC invocations=13 (full 1):
 PSYoungGen      total 143360K, used 133120K [0x00000000eab00000, 0x00000000f6600000, 0x0000000100000000)
  eden space 121856K, 100% used [0x00000000eab00000,0x00000000f2200000,0x00000000f2200000)
  from space 21504K, 52% used [0x00000000f2200000,0x00000000f2d00030,0x00000000f3700000)
  to   space 20992K, 0% used [0x00000000f5180000,0x00000000f5180000,0x00000000f6600000)
 ParOldGen       total 68096K, used 30213K [0x00000000c0000000, 0x00000000c4280000, 0x00000000eab00000)
  object space 68096K, 44% used [0x00000000c0000000,0x00000000c1d81588,0x00000000c4280000)
 Metaspace       used 14823K, capacity 15460K, committed 15616K, reserved 1062912K
  class space    used 1761K, capacity 1936K, committed 2048K, reserved 1048576K
Event: 7.999 GC heap after
Heap after GC invocations=13 (full 1):
 PSYoungGen      total 169984K, used 13472K [0x00000000eab00000, 0x00000000f6a80000, 0x0000000100000000)
  eden space 148992K, 0% used [0x00000000eab00000,0x00000000eab00000,0x00000000f3c80000)
  from space 20992K, 64% used [0x00000000f5180000,0x00000000f5ea8030,0x00000000f6600000)
  to   space 21504K, 0% used [0x00000000f3c80000,0x00000000f3c80000,0x00000000f5180000)
 ParOldGen       total 68096K, used 30213K [0x00000000c0000000, 0x00000000c4280000, 0x00000000eab00000)
  object space 68096K, 44% used [0x00000000c0000000,0x00000000c1d81588,0x00000000c4280000)
 Metaspace       used 14823K, capacity 15460K, committed 15616K, reserved 1062912K
  class space    used 1761K, capacity 1936K, committed 2048K, reserved 1048576K
}
Event: 9.476 GC heap before
{Heap before GC invocations=14 (full 1):
 PSYoungGen      total 169984K, used 162464K [0x00000000eab00000, 0x00000000f6a80000, 0x0000000100000000)
  eden space 148992K, 100% used [0x00000000eab00000,0x00000000f3c80000,0x00000000f3c80000)
  from space 20992K, 64% used [0x00000000f5180000,0x00000000f5ea8030,0x00000000f6600000)
  to   space 21504K, 0% used [0x00000000f3c80000,0x00000000f3c80000,0x00000000f5180000)
 ParOldGen       total 68096K, used 30213K [0x00000000c0000000, 0x00000000c4280000, 0x00000000eab00000)
  object space 68096K, 44% used [0x00000000c0000000,0x00000000c1d81588,0x00000000c4280000)
 Metaspace       used 14904K, capacity 15592K, committed 15872K, reserved 1062912K
  class space    used 1772K, capacity 1936K, committed 2048K, reserved 1048576K
Event: 9.578 GC heap after
Heap after GC invocations=14 (full 1):
 PSYoungGen      total 170496K, used 16992K [0x00000000eab00000, 0x00000000f6a80000, 0x0000000100000000)
  eden space 148992K, 0% used [0x00000000eab00000,0x00000000eab00000,0x00000000f3c80000)
  from space 21504K, 79% used [0x00000000f3c80000,0x00000000f4d18030,0x00000000f5180000)
  to   space 20992K, 0% used [0x00000000f5180000,0x00000000f5180000,0x00000000f6600000)
 ParOldGen       total 68096K, used 30221K [0x00000000c0000000, 0x00000000c4280000, 0x00000000eab00000)
  object space 68096K, 44% used [0x00000000c0000000,0x00000000c1d83588,0x00000000c4280000)
 Metaspace       used 14904K, capacity 15592K, committed 15872K, reserved 1062912K
  class space    used 1772K, capacity 1936K, committed 2048K, reserved 1048576K
}
Event: 10.318 GC heap before
{Heap before GC invocations=15 (full 1):
 PSYoungGen      total 170496K, used 165984K [0x00000000eab00000, 0x00000000f6a80000, 0x0000000100000000)
  eden space 148992K, 100% used [0x00000000eab00000,0x00000000f3c80000,0x00000000f3c80000)
  from space 21504K, 79% used [0x00000000f3c80000,0x00000000f4d18030,0x00000000f5180000)
  to   space 20992K, 0% used [0x00000000f5180000,0x00000000f5180000,0x00000000f6600000)
 ParOldGen       total 68096K, used 30221K [0x00000000c0000000, 0x00000000c4280000, 0x00000000eab00000)
  object space 68096K, 44% used [0x00000000c0000000,0x00000000c1d83588,0x00000000c4280000)
 Metaspace       used 14923K, capacity 15592K, committed 15872K, reserved 1062912K
  class space    used 1772K, capacity 1936K, committed 2048K, reserved 1048576K
Event: 10.356 GC heap after
Heap after GC invocations=15 (full 1):
 PSYoungGen      total 169984K, used 19506K [0x00000000eab00000, 0x00000000f6a80000, 0x0000000100000000)
  eden space 148992K, 0% used [0x00000000eab00000,0x00000000eab00000,0x00000000f3c80000)
  from space 20992K, 92% used [0x00000000f5180000,0x00000000f648cba8,0x00000000f6600000)
  to   space 21504K, 0% used [0x00000000f3c80000,0x00000000f3c80000,0x00000000f5180000)
 ParOldGen       total 68096K, used 30229K [0x00000000c0000000, 0x00000000c4280000, 0x00000000eab00000)
  object space 68096K, 44% used [0x00000000c0000000,0x00000000c1d85588,0x00000000c4280000)
 Metaspace       used 14923K, capacity 15592K, committed 15872K, reserved 1062912K
  class space    used 1772K, capacity 1936K, committed 2048K, reserved 1048576K
}
Event: 11.046 GC heap before
{Heap before GC invocations=16 (full 1):
 PSYoungGen      total 169984K, used 168498K [0x00000000eab00000, 0x00000000f6a80000, 0x0000000100000000)
  eden space 148992K, 100% used [0x00000000eab00000,0x00000000f3c80000,0x00000000f3c80000)
  from space 20992K, 92% used [0x00000000f5180000,0x00000000f648cba8,0x00000000f6600000)
  to   space 21504K, 0% used [0x00000000f3c80000,0x00000000f3c80000,0x00000000f5180000)
 ParOldGen       total 68096K, used 30229K [0x00000000c0000000, 0x00000000c4280000, 0x00000000eab00000)
  object space 68096K, 44% used [0x00000000c0000000,0x00000000c1d85588,0x00000000c4280000)
 Metaspace       used 14941K, capacity 15596K, committed 15872K, reserved 1062912K
  class space    used 1772K, capacity 1936K, committed 2048K, reserved 1048576K
Event: 11.085 GC heap after
Heap after GC invocations=16 (full 1):
 PSYoungGen      total 170496K, used 21472K [0x00000000eab00000, 0x00000000f9700000, 0x0000000100000000)
  eden space 148992K, 0% used [0x00000000eab00000,0x00000000eab00000,0x00000000f3c80000)
  from space 21504K, 99% used [0x00000000f3c80000,0x00000000f5178030,0x00000000f5180000)
  to   space 27648K, 0% used [0x00000000f7c00000,0x00000000f7c00000,0x00000000f9700000)
 ParOldGen       total 68096K, used 31594K [0x00000000c0000000, 0x00000000c4280000, 0x00000000eab00000)
  object space 68096K, 46% used [0x00000000c0000000,0x00000000c1edaa70,0x00000000c4280000)
 Metaspace       used 14941K, capacity 15596K, committed 15872K, reserved 1062912K
  class space    used 1772K, capacity 1936K, committed 2048K, reserved 1048576K
}
Event: 11.776 GC heap before
{Heap before GC invocations=17 (full 1):
 PSYoungGen      total 170496K, used 170464K [0x00000000eab00000, 0x00000000f9700000, 0x0000000100000000)
  eden space 148992K, 100% used [0x00000000eab00000,0x00000000f3c80000,0x00000000f3c80000)
  from space 21504K, 99% used [0x00000000f3c80000,0x00000000f5178030,0x00000000f5180000)
  to   space 27648K, 0% used [0x00000000f7c00000,0x00000000f7c00000,0x00000000f9700000)
 ParOldGen       total 68096K, used 31594K [0x00000000c0000000, 0x00000000c4280000, 0x00000000eab00000)
  object space 68096K, 46% used [0x00000000c0000000,0x00000000c1edaa70,0x00000000c4280000)
 Metaspace       used 14971K, capacity 15596K, committed 15872K, reserved 1062912K
  class space    used 1772K, capacity 1936K, committed 2048K, reserved 1048576K
Event: 11.871 GC heap after
Heap after GC invocations=17 (full 1):
 PSYoungGen      total 176640K, used 24195K [0x00000000eab00000, 0x00000000f9700000, 0x0000000100000000)
  eden space 148992K, 0% used [0x00000000eab00000,0x00000000eab00000,0x00000000f3c80000)
  from space 27648K, 87% used [0x00000000f7c00000,0x00000000f93a0e50,0x00000000f9700000)
  to   space 21504K, 0% used [0x00000000f3c80000,0x00000000f3c80000,0x00000000f5180000)
 ParOldGen       total 68096K, used 31602K [0x00000000c0000000, 0x00000000c4280000, 0x00000000eab00000)
  object space 68096K, 46% used [0x00000000c0000000,0x00000000c1edca70,0x00000000c4280000)
 Metaspace       used 14971K, capacity 15596K, committed 15872K, reserved 1062912K
  class space    used 1772K, capacity 1936K, committed 2048K, reserved 1048576K
}

